INFO  2026-04-05 21:14:43,780 serena.cli:health_check:842 - Starting health check for project: /home/grue/dev/wherehouse
INFO  2026-04-05 21:14:43,780 serena.cli:health_check:846 - Creating SerenaAgent with disabled dashboard...
INFO  2026-04-05 21:14:43,782 serena.agent:__init__:332 - Will record tool usage statistics with token count estimator: CHAR_COUNT.
INFO  2026-04-05 21:14:43,784 serena.util.file_system:_load_gitignore_files:152 - Processing .gitignore file: /home/grue/dev/wherehouse/.serena/.gitignore
INFO  2026-04-05 21:14:43,793 serena.util.file_system:stop:336 - Loading of .gitignore files completed in 0.015 seconds
INFO  2026-04-05 21:14:43,793 serena.project:stop:336 - Gathering ignore spec for project wherehouse completed in 0.015 seconds
INFO  2026-04-05 21:14:43,794 serena.agent:__init__:336 - Starting Serena server (version=1.0.0-b08573ee-dirty, process id=1329545, parent process id=362442; language backend=LSP); Python version=3.11.15, platform=Linux-6.18.20-x86_64-with-glibc2.42
INFO  2026-04-05 21:14:43,794 serena.agent:__init__:340 - Configuration file: /home/grue/.serena/serena_config.yml
INFO  2026-04-05 21:14:43,794 serena.agent:__init__:341 - Available projects: nix-config, wherefolk, wherehouse
INFO  2026-04-05 21:14:43,794 serena.agent:__init__:342 - Loaded tools (50): read_file, create_text_file, list_dir, find_file, replace_content, delete_lines, replace_lines, insert_at_line, search_for_pattern, restart_language_server, get_symbols_overview, find_symbol, find_referencing_symbols, replace_symbol_body, insert_after_symbol, insert_before_symbol, rename_symbol, safe_delete_symbol, write_memory, read_memory, list_memories, delete_memory, rename_memory, edit_memory, execute_shell_command, open_dashboard, activate_project, remove_project, switch_modes, get_current_config, check_onboarding_performed, onboarding, think_about_collected_information, think_about_task_adherence, think_about_whether_you_are_done, summarize_changes, prepare_for_new_conversation, initial_instructions, jet_brains_find_symbol, jet_brains_move, jet_brains_safe_delete, jet_brains_inline_symbol, jet_brains_find_referencing_symbols, jet_brains_get_symbols_overview, jet_brains_type_hierarchy, jet_brains_find_declaration, jet_brains_find_implementations, jet_brains_rename, list_queryable_projects, query_project
INFO  2026-04-05 21:14:43,794 serena.agent:__init__:354 - Using language backend from global configuration: LSP
INFO  2026-04-05 21:14:43,807 serena.config.serena_config:start:329 - Loading project instance for RegisteredProject[project_root=/home/grue/dev/wherehouse, project_config=ProjectConfig[project_name=wherehouse]] starting ...
INFO  2026-04-05 21:14:43,808 serena.project:__init__:278 - Serena project data folder: /home/grue/dev/wherehouse/.serena
INFO  2026-04-05 21:14:43,808 serena.project:start:329 - Gathering ignore spec for project wherehouse starting ...
INFO  2026-04-05 21:14:43,808 serena.config.serena_config:stop:336 - Loading project instance for RegisteredProject[project_root=/home/grue/dev/wherehouse, project_config=ProjectConfig[project_name=wherehouse]] completed in 0.000 seconds
INFO  2026-04-05 21:14:43,808 serena.util.file_system:start:329 - Loading of .gitignore files starting ...
INFO  2026-04-05 21:14:43,808 serena.agent:activate_project_from_path_or_name:847 - Found registered project 'wherehouse' at path /home/grue/dev/wherehouse
INFO  2026-04-05 21:14:43,808 serena.agent:_activate_project:794 - Activating wherehouse at /home/grue/dev/wherehouse
INFO  2026-04-05 21:14:43,808 serena.task_executor:issue_task:192 - Scheduling Task-1:init_language_server_manager
INFO  2026-04-05 21:14:43,808 serena.util.file_system:_load_gitignore_files:152 - Processing .gitignore file: /home/grue/dev/wherehouse/.gitignore
INFO  2026-04-05 21:14:43,811 serena.agent:apply:170 - SerenaAgentContext[name='desktop-app'] included 1 tools: switch_modes
INFO  2026-04-05 21:14:43,811 serena.util.file_system:_load_gitignore_files:152 - Processing .gitignore file: /home/grue/dev/wherehouse/.jj/.gitignore
INFO  2026-04-05 21:14:43,811 serena.agent:_create_base_toolset:478 - Number of exposed tools: 28
INFO  2026-04-05 21:14:43,812 serena.agent:__init__:381 - Number of exposed tools: 28. Exposed tools: ['activate_project', 'check_onboarding_performed', 'create_text_file', 'delete_memory', 'edit_memory', 'execute_shell_command', 'find_file', 'find_referencing_symbols', 'find_symbol', 'get_current_config', 'get_symbols_overview', 'initial_instructions', 'insert_after_symbol', 'insert_before_symbol', 'list_dir', 'list_memories', 'onboarding', 'prepare_for_new_conversation', 'read_file', 'read_memory', 'rename_memory', 'rename_symbol', 'replace_content', 'replace_symbol_body', 'safe_delete_symbol', 'search_for_pattern', 'switch_modes', 'write_memory']
INFO  2026-04-05 21:14:43,813 serena.agent:get_mode_names:230 - Active modes: ['editing', 'interactive']
INFO  2026-04-05 21:14:43,816 serena.agent:_update_active_tools:741 - Active tools (28): activate_project, check_onboarding_performed, create_text_file, delete_memory, edit_memory, execute_shell_command, find_file, find_referencing_symbols, find_symbol, get_current_config, get_symbols_overview, initial_instructions, insert_after_symbol, insert_before_symbol, list_dir, list_memories, onboarding, prepare_for_new_conversation, read_file, read_memory, rename_memory, rename_symbol, replace_content, replace_symbol_body, safe_delete_symbol, search_for_pattern, switch_modes, write_memory
INFO  2026-04-05 21:14:43,816 serena.cli:health_check:849 - SerenaAgent created successfully
INFO  2026-04-05 21:14:43,817 serena.cli:health_check:852 - Searching for analyzable files...
INFO  2026-04-05 21:14:43,818 serena.util.file_system:_load_gitignore_files:152 - Processing .gitignore file: /home/grue/dev/wherehouse/.serena/.gitignore
INFO  2026-04-05 21:14:43,841 serena.util.file_system:stop:336 - Loading of .gitignore files completed in 0.033 seconds
INFO  2026-04-05 21:14:43,841 serena.project:stop:336 - Gathering ignore spec for project wherehouse completed in 0.033 seconds
INFO  2026-04-05 21:14:43,846 serena.cli:health_check:861 - Found analyzable file: main.go
INFO  2026-04-05 21:14:43,846 serena.cli:health_check:879 - Testing GetSymbolsOverviewTool on file: main.go
INFO  2026-04-05 21:14:43,846 serena.task_executor:issue_task:192 - Scheduling Task-2:<lambda>
INFO  2026-04-05 21:14:43,895 serena.task_executor:_process_task_queue:123 - Starting execution of Task-1:init_language_server_manager
INFO  2026-04-05 21:14:43,896 serena.task_executor:start:329 - Task-1:init_language_server_manager starting ...
INFO  2026-04-05 21:14:43,896 serena.agent:start:329 - Language server initialization starting ...
INFO  2026-04-05 21:14:43,896 serena.project:create_language_server_manager:637 - Creating language server manager for /home/grue/dev/wherehouse
INFO  2026-04-05 21:14:43,896 sensai.util.logging:start:329 - Language server startup (language=go) starting ...
INFO  2026-04-05 21:14:43,897 serena.ls_manager:create_language_server:48 - Creating language server instance for /home/grue/dev/wherehouse, language=go.
INFO  2026-04-05 21:14:43,897 sensai.util.logging:start:329 - Language server startup (language=nix) starting ...
INFO  2026-04-05 21:14:43,897 serena.ls_manager:create_language_server:48 - Creating language server instance for /home/grue/dev/wherehouse, language=nix.
INFO  2026-04-05 21:14:43,990 solidlsp.ls:_load_raw_document_symbols_cache:2417 - Loading document symbols cache from /home/grue/dev/wherehouse/.serena/cache/nix/raw_document_symbols.pkl
INFO  2026-04-05 21:14:43,991 solidlsp.ls:_load_raw_document_symbols_cache:2422 - Loaded 2 entries from raw document symbols cache.
INFO  2026-04-05 21:14:43,991 solidlsp.ls:_load_document_symbols_cache:2452 - Loading document symbols cache from /home/grue/dev/wherehouse/.serena/cache/nix/document_symbols.pkl
INFO  2026-04-05 21:14:43,994 solidlsp.ls:_load_document_symbols_cache:2457 - Loaded 2 entries from document symbols cache.
INFO  2026-04-05 21:14:43,994 solidlsp.ls:start:2550 - Starting language server with language nix for /home/grue/dev/wherehouse
INFO  2026-04-05 21:14:43,994 solidlsp.language_servers.nixd_ls:_start_server:361 - Starting nixd server process
INFO  2026-04-05 21:14:43,994 solidlsp.ls_process:start:192 - Starting language server process via command: /nix/store/blanz7b78swbvv1y9ilj79ngf4ji0npq-nixd-2.9.0/bin/nixd
INFO  2026-04-05 21:14:43,996 solidlsp.language_servers.nixd_ls:_start_server:365 - Sending initialize request from LSP client to LSP server and awaiting response
INFO  2026-04-05 21:14:44,026 solidlsp.ls_process:_read_ls_process_stderr:388 - I[21:14:44.026] 1329586: <-- initialize(1)

INFO  2026-04-05 21:14:44,027 solidlsp.ls_process:_read_ls_process_stderr:388 - I[21:14:44.027] 1329586: --> reply:initialize(1)

INFO  2026-04-05 21:14:44,027 sensai.util.logging:stop:336 - Language server startup (language=nix) completed in 0.130 seconds
INFO  2026-04-05 21:14:44,028 solidlsp.ls_process:_read_ls_process_stderr:388 - I[21:14:44.028] 1329586: --> call attrset/evalExpr(1)

INFO  2026-04-05 21:14:44,028 solidlsp.ls_process:_read_ls_process_stderr:388 - I[21:14:44.028] 1329586: --> call attrset/evalExpr(1)

INFO  2026-04-05 21:14:44,028 solidlsp.ls_process:_read_ls_process_stderr:388 - I[21:14:44.028] 1329586: --> call workspace/configuration(1)

INFO  2026-04-05 21:14:44,028 solidlsp.ls_process:_read_ls_process_stderr:388 - I[21:14:44.028] 1329586: <-- initialized

INFO  2026-04-05 21:14:44,029 solidlsp.ls_process:_read_ls_process_stderr:388 - I[21:14:44.029] 1329586: <-- reply(1)

ERROR 2026-04-05 21:14:44,029 solidlsp.ls_process:_read_ls_process_stderr:388 - E[21:14:44.029] 1329586: workspace/configuration: -32601: method 'workspace/configuration' not handled on client.

INFO  2026-04-05 21:14:44,032 solidlsp.ls:_load_raw_document_symbols_cache:2417 - Loading document symbols cache from /home/grue/dev/wherehouse/.serena/cache/go/raw_document_symbols.pkl
INFO  2026-04-05 21:14:44,035 solidlsp.ls:_load_raw_document_symbols_cache:2422 - Loaded 148 entries from raw document symbols cache.
INFO  2026-04-05 21:14:44,035 solidlsp.ls:_load_document_symbols_cache:2452 - Loading document symbols cache from /home/grue/dev/wherehouse/.serena/cache/go/document_symbols.pkl
INFO  2026-04-05 21:14:44,045 solidlsp.ls:_load_document_symbols_cache:2457 - Loaded 148 entries from document symbols cache.
INFO  2026-04-05 21:14:44,045 solidlsp.ls:start:2550 - Starting language server with language go for /home/grue/dev/wherehouse
INFO  2026-04-05 21:14:44,045 solidlsp.language_servers.gopls:_start_server:230 - Starting gopls server process
INFO  2026-04-05 21:14:44,045 solidlsp.ls_process:start:192 - Starting language server process via command: gopls
INFO  2026-04-05 21:14:44,047 solidlsp.language_servers.gopls:_start_server:234 - Sending initialize request from LSP client to LSP server and awaiting response
INFO  2026-04-05 21:14:44,178 sensai.util.logging:stop:336 - Language server startup (language=go) completed in 0.281 seconds
INFO  2026-04-05 21:14:44,178 serena.agent:stop:336 - Language server initialization completed in 0.282 seconds
INFO  2026-04-05 21:14:44,178 serena.task_executor:stop:336 - Task-1:init_language_server_manager completed in 0.282 seconds
INFO  2026-04-05 21:14:44,178 serena.task_executor:_process_task_queue:123 - Starting execution of Task-2:<lambda>
INFO  2026-04-05 21:14:44,178 serena.task_executor:start:329 - Task-2:<lambda> starting ...
WARNING 2026-04-05 21:14:44,178 solidlsp.ls_process:_notification_handler:566 - Unhandled method 'window/showMessage'
INFO  2026-04-05 21:14:44,179 serena.task_executor:stop:336 - Task-2:<lambda> completed in 0.001 seconds
INFO  2026-04-05 21:14:44,179 serena.cli:health_check:881 - GetSymbolsOverviewTool returned: [{'name': 'main', 'kind': 'Function'}]
INFO  2026-04-05 21:14:44,179 serena.cli:health_check:904 - Using symbol for testing: main (kind: Function)
INFO  2026-04-05 21:14:44,179 serena.cli:health_check:907 - Testing FindSymbolTool for symbol: main
INFO  2026-04-05 21:14:44,179 serena.task_executor:issue_task:192 - Scheduling Task-3:<lambda>
INFO  2026-04-05 21:14:44,186 solidlsp.language_servers.gopls:window_log_message:220 - LSP: window/logMessage: {'type': 3, 'message': '2026/04/05 21:14:44 Created View (#1)\n\tdirectory=/home/grue/dev/wherehouse\n\tview_type="GoMod"\n\troot_dir="file:///home/grue/dev/wherehouse"\n\tgo_version="go version go1.25.7 linux/amd64"\n\tbuild_flags=[]\n\tenv={GOOS:linux GOARCH:amd64 GOCACHE:/home/grue/.cache/go-build GOMODCACHE:/home/grue/go/pkg/mod GOPATH:/home/grue/go GOPRIVATE: GOFLAGS: GO111MODULE: GOTOOLCHAIN:auto GOROOT:/nix/store/pz4pxhmlqd3q72crp2sx90k85gf2rqyp-go-1.25.7/share/go GoVersion:25 GoVersionOutput:go version go1.25.7 linux/amd64\n ExplicitGOWORK: EffectiveGOPACKAGESDRIVER:}\n\tenv_overlay=[]\n'}
INFO  2026-04-05 21:14:44,279 serena.task_executor:_process_task_queue:123 - Starting execution of Task-3:<lambda>
INFO  2026-04-05 21:14:44,279 serena.task_executor:start:329 - Task-3:<lambda> starting ...
INFO  2026-04-05 21:14:44,280 serena.task_executor:stop:336 - Task-3:<lambda> completed in 0.000 seconds
INFO  2026-04-05 21:14:44,280 serena.cli:health_check:912 - FindSymbolTool found 1 matches for symbol main
INFO  2026-04-05 21:14:44,280 serena.cli:health_check:915 - Testing FindReferencingSymbolsTool for symbol: main
INFO  2026-04-05 21:14:44,280 serena.task_executor:issue_task:192 - Scheduling Task-4:<lambda>
INFO  2026-04-05 21:14:44,381 serena.task_executor:_process_task_queue:123 - Starting execution of Task-4:<lambda>
INFO  2026-04-05 21:14:44,381 serena.task_executor:start:329 - Task-4:<lambda> starting ...
INFO  2026-04-05 21:14:44,450 solidlsp.language_servers.gopls:window_log_message:220 - LSP: window/logMessage: {'type': 3, 'message': '2026/04/05 21:14:44 go/packages.Load #1\n\tview_id="1"\n\tsnapshot=0\n\tdirectory=/home/grue/dev/wherehouse\n\tquery=[/home/grue/dev/wherehouse/... builtin]\n\tpackages=66\n\tduration=263.527769ms\n'}
WARNING 2026-04-05 21:14:44,516 solidlsp.ls_process:_notification_handler:566 - Unhandled method 'window/showMessage'
INFO  2026-04-05 21:14:44,669 solidlsp.ls_process:_read_ls_process_stderr:388 - I[21:14:44.669] 1329586: <-- reply(1)

INFO  2026-04-05 21:14:45,328 solidlsp.ls_process:_read_ls_process_stderr:388 - I[21:14:45.328] 1329586: <-- reply(1)

INFO  2026-04-05 21:14:46,422 serena.task_executor:stop:336 - Task-4:<lambda> completed in 2.041 seconds
INFO  2026-04-05 21:14:46,422 serena.cli:health_check:919 - FindReferencingSymbolsTool found 0 references for symbol main
INFO  2026-04-05 21:14:46,423 serena.cli:health_check:925 - Testing SearchForPatternTool for pattern: main
INFO  2026-04-05 21:14:46,423 serena.task_executor:issue_task:192 - Scheduling Task-5:<lambda>
INFO  2026-04-05 21:14:46,523 serena.task_executor:_process_task_queue:123 - Starting execution of Task-5:<lambda>
INFO  2026-04-05 21:14:46,524 serena.task_executor:start:329 - Task-5:<lambda> starting ...
INFO  2026-04-05 21:14:46,559 serena.util.text_utils:search_files:367 - Processing 150 files.
INFO  2026-04-05 21:14:46,594 serena.util.text_utils:search_files:408 - Found 28 total matches across 150 files
INFO  2026-04-05 21:14:46,594 serena.task_executor:stop:336 - Task-5:<lambda> completed in 0.070 seconds
INFO  2026-04-05 21:14:46,594 serena.cli:health_check:932 - SearchForPatternTool found 28 pattern matches for main
INFO  2026-04-05 21:14:46,594 serena.cli:health_check:946 - Health check completed successfully
